\BOOKMARK [2][]{Outline0.1}{\376\377\000I\000n\000t\000r\000o\000d\000u\000c\000t\000i\000o\000n}{}% 1
\BOOKMARK [2][]{Outline0.2}{\376\377\000L\000i\000t\000e\000r\000a\000t\000u\000r\000e\000\040\000R\000e\000v\000i\000e\000w\000\040\000A\000r\000t\000i\000c\000l\000e\000:\000\040\0001}{}% 2
\BOOKMARK [2][]{Outline0.3}{\376\377\000L\000i\000t\000e\000r\000a\000t\000u\000r\000e\000\040\000R\000e\000v\000i\000e\000w\000\040\000A\000r\000t\000i\000c\000l\000e\000:\000\040\0002}{}% 3
\BOOKMARK [2][]{Outline0.4}{\376\377\000L\000i\000t\000e\000r\000a\000t\000u\000r\000e\000\040\000R\000e\000v\000i\000e\000w\000\040\000A\000r\000t\000i\000c\000l\000e\000:\000\040\0003}{}% 4
\BOOKMARK [2][]{Outline0.5}{\376\377\000L\000i\000t\000e\000r\000a\000t\000u\000r\000e\000\040\000R\000e\000v\000i\000e\000w\000\040\000A\000r\000t\000i\000c\000l\000e\000:\000\040\0004}{}% 5
\BOOKMARK [2][]{Outline0.6}{\376\377\000L\000i\000t\000e\000r\000a\000t\000u\000r\000e\000\040\000R\000e\000v\000i\000e\000w\000\040\000A\000r\000t\000i\000c\000l\000e\000:\000\040\0005}{}% 6
\BOOKMARK [2][]{Outline0.7}{\376\377\000L\000i\000t\000e\000r\000a\000t\000u\000r\000e\000\040\000R\000e\000v\000i\000e\000w\000\040\000A\000r\000t\000i\000c\000l\000e\000:\000\040\0006}{}% 7
\BOOKMARK [2][]{Outline0.8}{\376\377\000L\000i\000t\000e\000r\000a\000t\000u\000r\000e\000\040\000R\000e\000v\000i\000e\000w\000\040\000A\000r\000t\000i\000c\000l\000e\000:\000\040\0007}{}% 8
\BOOKMARK [2][]{Outline0.9}{\376\377\000L\000i\000t\000e\000r\000a\000t\000u\000r\000e\000\040\000R\000e\000v\000i\000e\000w\000\040\000A\000r\000t\000i\000c\000l\000e\000:\000\040\0008}{}% 9
\BOOKMARK [2][]{Outline0.10}{\376\377\000L\000i\000t\000e\000r\000a\000t\000u\000r\000e\000\040\000R\000e\000v\000i\000e\000w\000\040\000A\000r\000t\000i\000c\000l\000e\000:\000\040\0009}{}% 10
\BOOKMARK [2][]{Outline0.11}{\376\377\000L\000i\000t\000e\000r\000a\000t\000u\000r\000e\000\040\000R\000e\000v\000i\000e\000w\000\040\000A\000r\000t\000i\000c\000l\000e\000:\000\040\0001\0000}{}% 11
\BOOKMARK [2][]{Outline0.12}{\376\377\000L\000i\000t\000e\000r\000a\000t\000u\000r\000e\000\040\000R\000e\000v\000i\000e\000w\000\040\000A\000r\000t\000i\000c\000l\000e\000:\000\040\0001\0001}{}% 12
\BOOKMARK [2][]{Outline0.13}{\376\377\000L\000i\000t\000e\000r\000a\000t\000u\000r\000e\000\040\000R\000e\000v\000i\000e\000w\000\040\000A\000r\000t\000i\000c\000l\000e\000:\000\040\0001\0002}{}% 13
\BOOKMARK [2][]{Outline0.14}{\376\377\000L\000i\000t\000e\000r\000a\000t\000u\000r\000e\000\040\000R\000e\000v\000i\000e\000w\000\040\000A\000r\000t\000i\000c\000l\000e\000:\000\040\0001\0003}{}% 14
\BOOKMARK [2][]{Outline0.15}{\376\377\000L\000i\000t\000e\000r\000a\000t\000u\000r\000e\000\040\000R\000e\000v\000i\000e\000w\000\040\000A\000r\000t\000i\000c\000l\000e\000:\000\040\0001\0004}{}% 15
\BOOKMARK [2][]{Outline0.16}{\376\377\000L\000i\000t\000e\000r\000a\000t\000u\000r\000e\000\040\000R\000e\000v\000i\000e\000w\000\040\000A\000r\000t\000i\000c\000l\000e\000:\000\040\0001\0005}{}% 16
\BOOKMARK [2][]{Outline0.17}{\376\377\000L\000i\000t\000e\000r\000a\000t\000u\000r\000e\000\040\000R\000e\000v\000i\000e\000w\000\040\000A\000r\000t\000i\000c\000l\000e\000:\000\040\0001\0006}{}% 17
\BOOKMARK [2][]{Outline0.18}{\376\377\000L\000i\000t\000e\000r\000a\000t\000u\000r\000e\000\040\000R\000e\000v\000i\000e\000w\000\040\000A\000r\000t\000i\000c\000l\000e\000:\000\040\0001\0007}{}% 18
\BOOKMARK [2][]{Outline0.19}{\376\377\000L\000i\000t\000e\000r\000a\000t\000u\000r\000e\000\040\000R\000e\000v\000i\000e\000w\000\040\000A\000r\000t\000i\000c\000l\000e\000:\000\040\0001\0008}{}% 19
\BOOKMARK [2][]{Outline0.20}{\376\377\000L\000i\000t\000e\000r\000a\000t\000u\000r\000e\000\040\000R\000e\000v\000i\000e\000w\000\040\000A\000r\000t\000i\000c\000l\000e\000:\000\040\0001\0009}{}% 20
\BOOKMARK [2][]{Outline0.21}{\376\377\000L\000i\000t\000e\000r\000a\000t\000u\000r\000e\000\040\000R\000e\000v\000i\000e\000w\000\040\000A\000r\000t\000i\000c\000l\000e\000:\000\040\0002\0000}{}% 21
\BOOKMARK [2][]{Outline0.22}{\376\377\000S\000u\000m\000m\000a\000r\000y\000\040\000a\000n\000d\000\040\000C\000o\000n\000c\000l\000u\000s\000i\000o\000n}{}% 22
\BOOKMARK [2][]{Outline0.23}{\376\377\000Q\000u\000e\000l\000l\000e\000n}{}% 23
\BOOKMARK [2][]{Outline0.24}{\376\377\000L\000i\000t\000e\000r\000a\000t\000u\000r}{}% 24
